{"timestamp": "2025-10-31T19:33:45.797767Z", "level": "INFO", "module": "runner", "message": "Created final symlink to sprint 6", "run_id": "3fa3ef5a-a0c7-42ef-8bd4-10c42ca6afbc", "event": "final_symlink_created"}
{"timestamp": "2025-10-31T19:33:45.797953Z", "level": "INFO", "module": "runner", "message": "Generated run README", "run_id": "3fa3ef5a-a0c7-42ef-8bd4-10c42ca6afbc", "event": "readme_generated"}
{"timestamp": "2025-10-31T19:33:47.772833Z", "level": "WARNING", "module": "validator", "message": "Downtime detected", "run_id": "e661eaeb-a9c6-4183-86a5-67be4bb68d51", "event": "downtime", "metadata": {"zdi_count": 5788}}
{"timestamp": "2025-10-31T19:33:49.554137Z", "level": "WARNING", "module": "validator", "message": "Downtime detected", "run_id": "c9483dba-f2d1-4410-9e14-9e5505d569aa", "event": "downtime", "metadata": {"zdi_count": 6695}}
{"timestamp": "2025-10-31T19:33:49.557130Z", "level": "WARNING", "module": "validator", "message": "Downtime detected", "run_id": "d805f832-3cdb-45ff-b4d1-08146a18b2d0", "event": "downtime", "metadata": {"zdi_count": 4504}}
{"timestamp": "2025-10-31T19:33:50.303226Z", "level": "INFO", "module": "validator", "message": "Downtime monitoring stopped. Total incidents: 206", "run_id": "3fa3ef5a-a0c7-42ef-8bd4-10c42ca6afbc", "event": "monitoring_stop", "metadata": {"ZDI": 206}}
{"timestamp": "2025-10-31T19:33:50.303373Z", "level": "INFO", "module": "runner", "message": "Running final validation", "run_id": "3fa3ef5a-a0c7-42ef-8bd4-10c42ca6afbc", "event": "validation_start"}
{"timestamp": "2025-10-31T19:33:50.304273Z", "level": "INFO", "module": "ghspec_adapter", "message": "Validating Phase 4 artifacts (implementation)", "run_id": "3fa3ef5a-a0c7-42ef-8bd4-10c42ca6afbc", "metadata": {"python_files": 14}}
{"timestamp": "2025-10-31T19:33:50.304429Z", "level": "WARNING", "module": "ghspec_adapter", "message": "No typical API entry point file found in workspace directory: /home/amg/projects/uece/baes/baes_benchmarking_20251028_0713/runs/ghspec/3fa3ef5a-a0c7-42ef-8bd4-10c42ca6afbc/sprint_006/generated_artifacts", "run_id": "3fa3ef5a-a0c7-42ef-8bd4-10c42ca6afbc"}
{"timestamp": "2025-10-31T19:33:50.305222Z", "level": "INFO", "module": "ghspec_adapter", "message": "Artifact validation passed: 14 Python files, 43 total files in workspace", "run_id": "3fa3ef5a-a0c7-42ef-8bd4-10c42ca6afbc"}
{"timestamp": "2025-10-31T19:33:50.305306Z", "level": "INFO", "module": "runner", "message": "Artifact validation passed", "run_id": "3fa3ef5a-a0c7-42ef-8bd4-10c42ca6afbc", "event": "artifact_validation_passed"}
{"timestamp": "2025-10-31T19:33:50.306263Z", "level": "WARNING", "module": "validator", "message": "POST /students failed: HTTPConnectionPool(host='localhost', port=8300): Max retries exceeded with url: /students (Caused by NewConnectionError('<urllib3.connection.HTTPConnection object at 0x7b9285dd0200>: Failed to establish a new connection: [Errno 111] Connection refused'))", "run_id": "3fa3ef5a-a0c7-42ef-8bd4-10c42ca6afbc"}
{"timestamp": "2025-10-31T19:33:50.306952Z", "level": "WARNING", "module": "validator", "message": "POST /courses failed: HTTPConnectionPool(host='localhost', port=8300): Max retries exceeded with url: /courses (Caused by NewConnectionError('<urllib3.connection.HTTPConnection object at 0x7b925cffb920>: Failed to establish a new connection: [Errno 111] Connection refused'))", "run_id": "3fa3ef5a-a0c7-42ef-8bd4-10c42ca6afbc"}
{"timestamp": "2025-10-31T19:33:50.308106Z", "level": "WARNING", "module": "validator", "message": "POST /teachers failed: HTTPConnectionPool(host='localhost', port=8300): Max retries exceeded with url: /teachers (Caused by NewConnectionError('<urllib3.connection.HTTPConnection object at 0x7b9285dd0a40>: Failed to establish a new connection: [Errno 111] Connection refused'))", "run_id": "3fa3ef5a-a0c7-42ef-8bd4-10c42ca6afbc"}
{"timestamp": "2025-10-31T19:33:50.308731Z", "level": "WARNING", "module": "validator", "message": "GET /students failed: HTTPConnectionPool(host='localhost', port=8300): Max retries exceeded with url: /students (Caused by NewConnectionError('<urllib3.connection.HTTPConnection object at 0x7b9285db7f50>: Failed to establish a new connection: [Errno 111] Connection refused'))", "run_id": "3fa3ef5a-a0c7-42ef-8bd4-10c42ca6afbc"}
{"timestamp": "2025-10-31T19:33:50.309365Z", "level": "WARNING", "module": "validator", "message": "GET /courses failed: HTTPConnectionPool(host='localhost', port=8300): Max retries exceeded with url: /courses (Caused by NewConnectionError('<urllib3.connection.HTTPConnection object at 0x7b9288ab8d70>: Failed to establish a new connection: [Errno 111] Connection refused'))", "run_id": "3fa3ef5a-a0c7-42ef-8bd4-10c42ca6afbc"}
{"timestamp": "2025-10-31T19:33:50.310057Z", "level": "WARNING", "module": "validator", "message": "GET /teachers failed: HTTPConnectionPool(host='localhost', port=8300): Max retries exceeded with url: /teachers (Caused by NewConnectionError('<urllib3.connection.HTTPConnection object at 0x7b9285dd56d0>: Failed to establish a new connection: [Errno 111] Connection refused'))", "run_id": "3fa3ef5a-a0c7-42ef-8bd4-10c42ca6afbc"}
{"timestamp": "2025-10-31T19:33:50.310127Z", "level": "INFO", "module": "validator", "message": "CRUD validation complete: 0/12 operations succeeded", "run_id": "3fa3ef5a-a0c7-42ef-8bd4-10c42ca6afbc", "metadata": {"CRUDe": 0, "ESR": 0.0}}
{"timestamp": "2025-10-31T19:33:50.310236Z", "level": "INFO", "module": "runner", "message": "Skipping Usage API verification (lazy evaluation - reconciliation required)", "run_id": "3fa3ef5a-a0c7-42ef-8bd4-10c42ca6afbc", "event": "lazy_evaluation"}
{"timestamp": "2025-10-31T19:33:50.316268Z", "level": "DEBUG", "module": "manifest_manager", "message": "Loaded manifest with 295 runs"}
{"timestamp": "2025-10-31T19:33:50.321322Z", "level": "INFO", "module": "manifest_manager", "message": "Added run 3fa3ef5a-a0c7-42ef-8bd4-10c42ca6afbc to manifest"}
{"timestamp": "2025-10-31T19:33:50.323666Z", "level": "DEBUG", "module": "manifest_manager", "message": "Manifest saved to /home/amg/projects/uece/baes/baes_benchmarking_20251028_0713/runs/manifest.json"}
{"timestamp": "2025-10-31T19:33:50.323802Z", "level": "INFO", "module": "runner", "message": "Updated runs manifest", "run_id": "3fa3ef5a-a0c7-42ef-8bd4-10c42ca6afbc", "event": "manifest_updated"}
{"timestamp": "2025-10-31T19:33:50.324222Z", "level": "DEBUG", "module": "archiver", "message": "Framework version saved", "run_id": "3fa3ef5a-a0c7-42ef-8bd4-10c42ca6afbc"}
{"timestamp": "2025-10-31T19:33:50.376666Z", "level": "DEBUG", "module": "archiver", "message": "Added workspace to archive", "run_id": "3fa3ef5a-a0c7-42ef-8bd4-10c42ca6afbc"}
{"timestamp": "2025-10-31T19:33:50.376881Z", "level": "DEBUG", "module": "archiver", "message": "Added metrics to archive", "run_id": "3fa3ef5a-a0c7-42ef-8bd4-10c42ca6afbc"}
{"timestamp": "2025-10-31T19:33:50.377437Z", "level": "INFO", "module": "archiver", "message": "Archive created: /home/amg/projects/uece/baes/baes_benchmarking_20251028_0713/runs/ghspec/3fa3ef5a-a0c7-42ef-8bd4-10c42ca6afbc/run.tar.gz", "run_id": "3fa3ef5a-a0c7-42ef-8bd4-10c42ca6afbc", "event": "archive_created"}
{"timestamp": "2025-10-31T19:33:50.377705Z", "level": "INFO", "module": "archiver", "message": "Archive hash computed: d856afa72b2359fe...", "run_id": "3fa3ef5a-a0c7-42ef-8bd4-10c42ca6afbc", "event": "hash_computed"}
{"timestamp": "2025-10-31T19:33:50.377887Z", "level": "INFO", "module": "archiver", "message": "Metadata file created", "run_id": "3fa3ef5a-a0c7-42ef-8bd4-10c42ca6afbc", "event": "metadata_created"}
{"timestamp": "2025-10-31T19:33:50.378109Z", "level": "INFO", "module": "runner", "message": "Generated log summary", "run_id": "3fa3ef5a-a0c7-42ef-8bd4-10c42ca6afbc", "event": "summary_generated", "metadata": {"path": "/home/amg/projects/uece/baes/baes_benchmarking_20251028_0713/runs/ghspec/3fa3ef5a-a0c7-42ef-8bd4-10c42ca6afbc/summary/logs_summary.txt"}}
{"timestamp": "2025-10-31T19:33:50.378356Z", "level": "INFO", "module": "archiver", "message": "Archive hash computed: d856afa72b2359fe...", "run_id": "3fa3ef5a-a0c7-42ef-8bd4-10c42ca6afbc", "event": "hash_computed"}
{"timestamp": "2025-10-31T19:33:50.378407Z", "level": "INFO", "module": "archiver", "message": "Archive integrity verified", "run_id": "3fa3ef5a-a0c7-42ef-8bd4-10c42ca6afbc", "event": "verification_success"}
{"timestamp": "2025-10-31T19:33:50.378468Z", "level": "INFO", "module": "runner", "message": "Run completed successfully", "run_id": "3fa3ef5a-a0c7-42ef-8bd4-10c42ca6afbc", "event": "run_complete"}
{"timestamp": "2025-10-31T19:33:50.378513Z", "level": "INFO", "module": "ghspec_adapter", "message": "Stopping GitHub Spec-kit framework", "run_id": "3fa3ef5a-a0c7-42ef-8bd4-10c42ca6afbc", "event": "framework_stop"}
{"timestamp": "2025-10-31T19:33:50.378553Z", "level": "INFO", "module": "ghspec_adapter", "message": "GitHub Spec-kit framework stopped", "run_id": "3fa3ef5a-a0c7-42ef-8bd4-10c42ca6afbc", "event": "framework_stopped"}
{"timestamp": "2025-10-31T19:33:52.773973Z", "level": "WARNING", "module": "validator", "message": "Downtime detected", "run_id": "e661eaeb-a9c6-4183-86a5-67be4bb68d51", "event": "downtime", "metadata": {"zdi_count": 5789}}
{"timestamp": "2025-10-31T19:33:54.555607Z", "level": "WARNING", "module": "validator", "message": "Downtime detected", "run_id": "c9483dba-f2d1-4410-9e14-9e5505d569aa", "event": "downtime", "metadata": {"zdi_count": 6696}}
{"timestamp": "2025-10-31T19:33:54.560158Z", "level": "WARNING", "module": "validator", "message": "Downtime detected", "run_id": "d805f832-3cdb-45ff-b4d1-08146a18b2d0", "event": "downtime", "metadata": {"zdi_count": 4505}}
{"timestamp": "2025-10-31T19:33:57.775097Z", "level": "WARNING", "module": "validator", "message": "Downtime detected", "run_id": "e661eaeb-a9c6-4183-86a5-67be4bb68d51", "event": "downtime", "metadata": {"zdi_count": 5790}}
{"timestamp": "2025-10-31T19:33:59.556734Z", "level": "WARNING", "module": "validator", "message": "Downtime detected", "run_id": "c9483dba-f2d1-4410-9e14-9e5505d569aa", "event": "downtime", "metadata": {"zdi_count": 6697}}
{"timestamp": "2025-10-31T19:33:59.561021Z", "level": "WARNING", "module": "validator", "message": "Downtime detected", "run_id": "d805f832-3cdb-45ff-b4d1-08146a18b2d0", "event": "downtime", "metadata": {"zdi_count": 4506}}
{"timestamp": "2025-10-31T19:34:02.776201Z", "level": "WARNING", "module": "validator", "message": "Downtime detected", "run_id": "e661eaeb-a9c6-4183-86a5-67be4bb68d51", "event": "downtime", "metadata": {"zdi_count": 5791}}
{"timestamp": "2025-10-31T19:34:04.558290Z", "level": "WARNING", "module": "validator", "message": "Downtime detected", "run_id": "c9483dba-f2d1-4410-9e14-9e5505d569aa", "event": "downtime", "metadata": {"zdi_count": 6698}}
{"timestamp": "2025-10-31T19:34:04.561809Z", "level": "WARNING", "module": "validator", "message": "Downtime detected", "run_id": "d805f832-3cdb-45ff-b4d1-08146a18b2d0", "event": "downtime", "metadata": {"zdi_count": 4507}}
{"timestamp": "2025-10-31T19:34:07.777268Z", "level": "WARNING", "module": "validator", "message": "Downtime detected", "run_id": "e661eaeb-a9c6-4183-86a5-67be4bb68d51", "event": "downtime", "metadata": {"zdi_count": 5792}}
{"timestamp": "2025-10-31T19:34:09.559338Z", "level": "WARNING", "module": "validator", "message": "Downtime detected", "run_id": "c9483dba-f2d1-4410-9e14-9e5505d569aa", "event": "downtime", "metadata": {"zdi_count": 6699}}
{"timestamp": "2025-10-31T19:34:09.562606Z", "level": "WARNING", "module": "validator", "message": "Downtime detected", "run_id": "d805f832-3cdb-45ff-b4d1-08146a18b2d0", "event": "downtime", "metadata": {"zdi_count": 4508}}
{"timestamp": "2025-10-31T19:34:12.778436Z", "level": "WARNING", "module": "validator", "message": "Downtime detected", "run_id": "e661eaeb-a9c6-4183-86a5-67be4bb68d51", "event": "downtime", "metadata": {"zdi_count": 5793}}
{"timestamp": "2025-10-31T19:34:14.561377Z", "level": "WARNING", "module": "validator", "message": "Downtime detected", "run_id": "c9483dba-f2d1-4410-9e14-9e5505d569aa", "event": "downtime", "metadata": {"zdi_count": 6700}}
{"timestamp": "2025-10-31T19:34:14.563377Z", "level": "WARNING", "module": "validator", "message": "Downtime detected", "run_id": "d805f832-3cdb-45ff-b4d1-08146a18b2d0", "event": "downtime", "metadata": {"zdi_count": 4509}}
{"timestamp": "2025-10-31T19:34:17.779606Z", "level": "WARNING", "module": "validator", "message": "Downtime detected", "run_id": "e661eaeb-a9c6-4183-86a5-67be4bb68d51", "event": "downtime", "metadata": {"zdi_count": 5794}}
{"timestamp": "2025-10-31T19:34:19.562450Z", "level": "WARNING", "module": "validator", "message": "Downtime detected", "run_id": "c9483dba-f2d1-4410-9e14-9e5505d569aa", "event": "downtime", "metadata": {"zdi_count": 6701}}
{"timestamp": "2025-10-31T19:34:19.564163Z", "level": "WARNING", "module": "validator", "message": "Downtime detected", "run_id": "d805f832-3cdb-45ff-b4d1-08146a18b2d0", "event": "downtime", "metadata": {"zdi_count": 4510}}
{"timestamp": "2025-10-31T19:34:22.780744Z", "level": "WARNING", "module": "validator", "message": "Downtime detected", "run_id": "e661eaeb-a9c6-4183-86a5-67be4bb68d51", "event": "downtime", "metadata": {"zdi_count": 5795}}
{"timestamp": "2025-10-31T19:34:24.564224Z", "level": "WARNING", "module": "validator", "message": "Downtime detected", "run_id": "c9483dba-f2d1-4410-9e14-9e5505d569aa", "event": "downtime", "metadata": {"zdi_count": 6702}}
{"timestamp": "2025-10-31T19:34:24.564978Z", "level": "WARNING", "module": "validator", "message": "Downtime detected", "run_id": "d805f832-3cdb-45ff-b4d1-08146a18b2d0", "event": "downtime", "metadata": {"zdi_count": 4511}}
{"timestamp": "2025-10-31T19:34:27.781880Z", "level": "WARNING", "module": "validator", "message": "Downtime detected", "run_id": "e661eaeb-a9c6-4183-86a5-67be4bb68d51", "event": "downtime", "metadata": {"zdi_count": 5796}}
{"timestamp": "2025-10-31T19:34:29.565817Z", "level": "WARNING", "module": "validator", "message": "Downtime detected", "run_id": "c9483dba-f2d1-4410-9e14-9e5505d569aa", "event": "downtime", "metadata": {"zdi_count": 6703}}
{"timestamp": "2025-10-31T19:34:29.570109Z", "level": "WARNING", "module": "validator", "message": "Downtime detected", "run_id": "d805f832-3cdb-45ff-b4d1-08146a18b2d0", "event": "downtime", "metadata": {"zdi_count": 4512}}
{"timestamp": "2025-10-31T19:34:32.783051Z", "level": "WARNING", "module": "validator", "message": "Downtime detected", "run_id": "e661eaeb-a9c6-4183-86a5-67be4bb68d51", "event": "downtime", "metadata": {"zdi_count": 5797}}
{"timestamp": "2025-10-31T19:34:34.568045Z", "level": "WARNING", "module": "validator", "message": "Downtime detected", "run_id": "c9483dba-f2d1-4410-9e14-9e5505d569aa", "event": "downtime", "metadata": {"zdi_count": 6704}}
{"timestamp": "2025-10-31T19:34:34.571763Z", "level": "WARNING", "module": "validator", "message": "Downtime detected", "run_id": "d805f832-3cdb-45ff-b4d1-08146a18b2d0", "event": "downtime", "metadata": {"zdi_count": 4513}}
{"timestamp": "2025-10-31T19:34:37.784251Z", "level": "WARNING", "module": "validator", "message": "Downtime detected", "run_id": "e661eaeb-a9c6-4183-86a5-67be4bb68d51", "event": "downtime", "metadata": {"zdi_count": 5798}}
{"timestamp": "2025-10-31T19:34:39.569234Z", "level": "WARNING", "module": "validator", "message": "Downtime detected", "run_id": "c9483dba-f2d1-4410-9e14-9e5505d569aa", "event": "downtime", "metadata": {"zdi_count": 6705}}
{"timestamp": "2025-10-31T19:34:39.572581Z", "level": "WARNING", "module": "validator", "message": "Downtime detected", "run_id": "d805f832-3cdb-45ff-b4d1-08146a18b2d0", "event": "downtime", "metadata": {"zdi_count": 4514}}
{"timestamp": "2025-10-31T19:34:42.785491Z", "level": "WARNING", "module": "validator", "message": "Downtime detected", "run_id": "e661eaeb-a9c6-4183-86a5-67be4bb68d51", "event": "downtime", "metadata": {"zdi_count": 5799}}
{"timestamp": "2025-10-31T19:34:44.570742Z", "level": "WARNING", "module": "validator", "message": "Downtime detected", "run_id": "c9483dba-f2d1-4410-9e14-9e5505d569aa", "event": "downtime", "metadata": {"zdi_count": 6706}}
{"timestamp": "2025-10-31T19:34:44.573557Z", "level": "WARNING", "module": "validator", "message": "Downtime detected", "run_id": "d805f832-3cdb-45ff-b4d1-08146a18b2d0", "event": "downtime", "metadata": {"zdi_count": 4515}}
{"timestamp": "2025-10-31T19:34:47.786554Z", "level": "WARNING", "module": "validator", "message": "Downtime detected", "run_id": "e661eaeb-a9c6-4183-86a5-67be4bb68d51", "event": "downtime", "metadata": {"zdi_count": 5800}}
{"timestamp": "2025-10-31T19:34:49.571931Z", "level": "WARNING", "module": "validator", "message": "Downtime detected", "run_id": "c9483dba-f2d1-4410-9e14-9e5505d569aa", "event": "downtime", "metadata": {"zdi_count": 6707}}
{"timestamp": "2025-10-31T19:34:49.574274Z", "level": "WARNING", "module": "validator", "message": "Downtime detected", "run_id": "d805f832-3cdb-45ff-b4d1-08146a18b2d0", "event": "downtime", "metadata": {"zdi_count": 4516}}
{"timestamp": "2025-10-31T19:34:52.787759Z", "level": "WARNING", "module": "validator", "message": "Downtime detected", "run_id": "e661eaeb-a9c6-4183-86a5-67be4bb68d51", "event": "downtime", "metadata": {"zdi_count": 5801}}
{"timestamp": "2025-10-31T19:34:54.573658Z", "level": "WARNING", "module": "validator", "message": "Downtime detected", "run_id": "c9483dba-f2d1-4410-9e14-9e5505d569aa", "event": "downtime", "metadata": {"zdi_count": 6708}}
{"timestamp": "2025-10-31T19:34:54.575624Z", "level": "WARNING", "module": "validator", "message": "Downtime detected", "run_id": "d805f832-3cdb-45ff-b4d1-08146a18b2d0", "event": "downtime", "metadata": {"zdi_count": 4517}}
{"timestamp": "2025-10-31T19:34:57.788772Z", "level": "WARNING", "module": "validator", "message": "Downtime detected", "run_id": "e661eaeb-a9c6-4183-86a5-67be4bb68d51", "event": "downtime", "metadata": {"zdi_count": 5802}}
{"timestamp": "2025-10-31T19:34:59.574749Z", "level": "WARNING", "module": "validator", "message": "Downtime detected", "run_id": "c9483dba-f2d1-4410-9e14-9e5505d569aa", "event": "downtime", "metadata": {"zdi_count": 6709}}
{"timestamp": "2025-10-31T19:34:59.576436Z", "level": "WARNING", "module": "validator", "message": "Downtime detected", "run_id": "d805f832-3cdb-45ff-b4d1-08146a18b2d0", "event": "downtime", "metadata": {"zdi_count": 4518}}
{"timestamp": "2025-10-31T19:35:02.790050Z", "level": "WARNING", "module": "validator", "message": "Downtime detected", "run_id": "e661eaeb-a9c6-4183-86a5-67be4bb68d51", "event": "downtime", "metadata": {"zdi_count": 5803}}
{"timestamp": "2025-10-31T19:35:04.576106Z", "level": "WARNING", "module": "validator", "message": "Downtime detected", "run_id": "c9483dba-f2d1-4410-9e14-9e5505d569aa", "event": "downtime", "metadata": {"zdi_count": 6710}}
{"timestamp": "2025-10-31T19:35:04.577114Z", "level": "WARNING", "module": "validator", "message": "Downtime detected", "run_id": "d805f832-3cdb-45ff-b4d1-08146a18b2d0", "event": "downtime", "metadata": {"zdi_count": 4519}}
{"timestamp": "2025-10-31T19:35:07.791254Z", "level": "WARNING", "module": "validator", "message": "Downtime detected", "run_id": "e661eaeb-a9c6-4183-86a5-67be4bb68d51", "event": "downtime", "metadata": {"zdi_count": 5804}}
{"timestamp": "2025-10-31T19:35:09.577293Z", "level": "WARNING", "module": "validator", "message": "Downtime detected", "run_id": "c9483dba-f2d1-4410-9e14-9e5505d569aa", "event": "downtime", "metadata": {"zdi_count": 6711}}
{"timestamp": "2025-10-31T19:35:09.582178Z", "level": "WARNING", "module": "validator", "message": "Downtime detected", "run_id": "d805f832-3cdb-45ff-b4d1-08146a18b2d0", "event": "downtime", "metadata": {"zdi_count": 4520}}
{"timestamp": "2025-10-31T19:35:12.792487Z", "level": "WARNING", "module": "validator", "message": "Downtime detected", "run_id": "e661eaeb-a9c6-4183-86a5-67be4bb68d51", "event": "downtime", "metadata": {"zdi_count": 5805}}
{"timestamp": "2025-10-31T19:35:14.579012Z", "level": "WARNING", "module": "validator", "message": "Downtime detected", "run_id": "c9483dba-f2d1-4410-9e14-9e5505d569aa", "event": "downtime", "metadata": {"zdi_count": 6712}}
{"timestamp": "2025-10-31T19:35:14.583096Z", "level": "WARNING", "module": "validator", "message": "Downtime detected", "run_id": "d805f832-3cdb-45ff-b4d1-08146a18b2d0", "event": "downtime", "metadata": {"zdi_count": 4521}}
{"timestamp": "2025-10-31T19:35:17.795128Z", "level": "WARNING", "module": "validator", "message": "Downtime detected", "run_id": "e661eaeb-a9c6-4183-86a5-67be4bb68d51", "event": "downtime", "metadata": {"zdi_count": 5806}}
{"timestamp": "2025-10-31T19:35:19.580073Z", "level": "WARNING", "module": "validator", "message": "Downtime detected", "run_id": "c9483dba-f2d1-4410-9e14-9e5505d569aa", "event": "downtime", "metadata": {"zdi_count": 6713}}
{"timestamp": "2025-10-31T19:35:19.584012Z", "level": "WARNING", "module": "validator", "message": "Downtime detected", "run_id": "d805f832-3cdb-45ff-b4d1-08146a18b2d0", "event": "downtime", "metadata": {"zdi_count": 4522}}
{"timestamp": "2025-10-31T19:35:22.796262Z", "level": "WARNING", "module": "validator", "message": "Downtime detected", "run_id": "e661eaeb-a9c6-4183-86a5-67be4bb68d51", "event": "downtime", "metadata": {"zdi_count": 5807}}
{"timestamp": "2025-10-31T19:35:24.581610Z", "level": "WARNING", "module": "validator", "message": "Downtime detected", "run_id": "c9483dba-f2d1-4410-9e14-9e5505d569aa", "event": "downtime", "metadata": {"zdi_count": 6714}}
{"timestamp": "2025-10-31T19:35:24.584691Z", "level": "WARNING", "module": "validator", "message": "Downtime detected", "run_id": "d805f832-3cdb-45ff-b4d1-08146a18b2d0", "event": "downtime", "metadata": {"zdi_count": 4523}}
{"timestamp": "2025-10-31T19:35:27.797423Z", "level": "WARNING", "module": "validator", "message": "Downtime detected", "run_id": "e661eaeb-a9c6-4183-86a5-67be4bb68d51", "event": "downtime", "metadata": {"zdi_count": 5808}}
{"timestamp": "2025-10-31T19:35:29.582780Z", "level": "WARNING", "module": "validator", "message": "Downtime detected", "run_id": "c9483dba-f2d1-4410-9e14-9e5505d569aa", "event": "downtime", "metadata": {"zdi_count": 6715}}
{"timestamp": "2025-10-31T19:35:29.585528Z", "level": "WARNING", "module": "validator", "message": "Downtime detected", "run_id": "d805f832-3cdb-45ff-b4d1-08146a18b2d0", "event": "downtime", "metadata": {"zdi_count": 4524}}
{"timestamp": "2025-10-31T19:35:32.798551Z", "level": "WARNING", "module": "validator", "message": "Downtime detected", "run_id": "e661eaeb-a9c6-4183-86a5-67be4bb68d51", "event": "downtime", "metadata": {"zdi_count": 5809}}
{"timestamp": "2025-10-31T19:35:34.584318Z", "level": "WARNING", "module": "validator", "message": "Downtime detected", "run_id": "c9483dba-f2d1-4410-9e14-9e5505d569aa", "event": "downtime", "metadata": {"zdi_count": 6716}}
{"timestamp": "2025-10-31T19:35:34.586232Z", "level": "WARNING", "module": "validator", "message": "Downtime detected", "run_id": "d805f832-3cdb-45ff-b4d1-08146a18b2d0", "event": "downtime", "metadata": {"zdi_count": 4525}}
{"timestamp": "2025-10-31T19:35:37.799720Z", "level": "WARNING", "module": "validator", "message": "Downtime detected", "run_id": "e661eaeb-a9c6-4183-86a5-67be4bb68d51", "event": "downtime", "metadata": {"zdi_count": 5810}}
{"timestamp": "2025-10-31T19:35:39.585303Z", "level": "WARNING", "module": "validator", "message": "Downtime detected", "run_id": "c9483dba-f2d1-4410-9e14-9e5505d569aa", "event": "downtime", "metadata": {"zdi_count": 6717}}
{"timestamp": "2025-10-31T19:35:39.587046Z", "level": "WARNING", "module": "validator", "message": "Downtime detected", "run_id": "d805f832-3cdb-45ff-b4d1-08146a18b2d0", "event": "downtime", "metadata": {"zdi_count": 4526}}
{"timestamp": "2025-10-31T19:35:42.800899Z", "level": "WARNING", "module": "validator", "message": "Downtime detected", "run_id": "e661eaeb-a9c6-4183-86a5-67be4bb68d51", "event": "downtime", "metadata": {"zdi_count": 5811}}
{"timestamp": "2025-10-31T19:35:44.586915Z", "level": "WARNING", "module": "validator", "message": "Downtime detected", "run_id": "c9483dba-f2d1-4410-9e14-9e5505d569aa", "event": "downtime", "metadata": {"zdi_count": 6718}}
{"timestamp": "2025-10-31T19:35:44.587704Z", "level": "WARNING", "module": "validator", "message": "Downtime detected", "run_id": "d805f832-3cdb-45ff-b4d1-08146a18b2d0", "event": "downtime", "metadata": {"zdi_count": 4527}}
{"timestamp": "2025-10-31T19:35:47.802103Z", "level": "WARNING", "module": "validator", "message": "Downtime detected", "run_id": "e661eaeb-a9c6-4183-86a5-67be4bb68d51", "event": "downtime", "metadata": {"zdi_count": 5812}}
{"timestamp": "2025-10-31T19:35:49.588037Z", "level": "WARNING", "module": "validator", "message": "Downtime detected", "run_id": "c9483dba-f2d1-4410-9e14-9e5505d569aa", "event": "downtime", "metadata": {"zdi_count": 6719}}
{"timestamp": "2025-10-31T19:35:49.588578Z", "level": "WARNING", "module": "validator", "message": "Downtime detected", "run_id": "d805f832-3cdb-45ff-b4d1-08146a18b2d0", "event": "downtime", "metadata": {"zdi_count": 4528}}
{"timestamp": "2025-10-31T19:35:52.803260Z", "level": "WARNING", "module": "validator", "message": "Downtime detected", "run_id": "e661eaeb-a9c6-4183-86a5-67be4bb68d51", "event": "downtime", "metadata": {"zdi_count": 5813}}
{"timestamp": "2025-10-31T19:35:54.589765Z", "level": "WARNING", "module": "validator", "message": "Downtime detected", "run_id": "c9483dba-f2d1-4410-9e14-9e5505d569aa", "event": "downtime", "metadata": {"zdi_count": 6720}}
{"timestamp": "2025-10-31T19:35:54.593948Z", "level": "WARNING", "module": "validator", "message": "Downtime detected", "run_id": "d805f832-3cdb-45ff-b4d1-08146a18b2d0", "event": "downtime", "metadata": {"zdi_count": 4529}}
{"timestamp": "2025-10-31T19:35:57.804542Z", "level": "WARNING", "module": "validator", "message": "Downtime detected", "run_id": "e661eaeb-a9c6-4183-86a5-67be4bb68d51", "event": "downtime", "metadata": {"zdi_count": 5814}}
{"timestamp": "2025-10-31T19:35:59.590782Z", "level": "WARNING", "module": "validator", "message": "Downtime detected", "run_id": "c9483dba-f2d1-4410-9e14-9e5505d569aa", "event": "downtime", "metadata": {"zdi_count": 6721}}
{"timestamp": "2025-10-31T19:35:59.595740Z", "level": "WARNING", "module": "validator", "message": "Downtime detected", "run_id": "d805f832-3cdb-45ff-b4d1-08146a18b2d0", "event": "downtime", "metadata": {"zdi_count": 4530}}
{"timestamp": "2025-10-31T19:36:02.805697Z", "level": "WARNING", "module": "validator", "message": "Downtime detected", "run_id": "e661eaeb-a9c6-4183-86a5-67be4bb68d51", "event": "downtime", "metadata": {"zdi_count": 5815}}
{"timestamp": "2025-10-31T19:36:04.592295Z", "level": "WARNING", "module": "validator", "message": "Downtime detected", "run_id": "c9483dba-f2d1-4410-9e14-9e5505d569aa", "event": "downtime", "metadata": {"zdi_count": 6722}}
{"timestamp": "2025-10-31T19:36:04.596703Z", "level": "WARNING", "module": "validator", "message": "Downtime detected", "run_id": "d805f832-3cdb-45ff-b4d1-08146a18b2d0", "event": "downtime", "metadata": {"zdi_count": 4531}}
{"timestamp": "2025-10-31T19:36:07.806813Z", "level": "WARNING", "module": "validator", "message": "Downtime detected", "run_id": "e661eaeb-a9c6-4183-86a5-67be4bb68d51", "event": "downtime", "metadata": {"zdi_count": 5816}}
{"timestamp": "2025-10-31T19:36:09.593332Z", "level": "WARNING", "module": "validator", "message": "Downtime detected", "run_id": "c9483dba-f2d1-4410-9e14-9e5505d569aa", "event": "downtime", "metadata": {"zdi_count": 6723}}
{"timestamp": "2025-10-31T19:36:09.597580Z", "level": "WARNING", "module": "validator", "message": "Downtime detected", "run_id": "d805f832-3cdb-45ff-b4d1-08146a18b2d0", "event": "downtime", "metadata": {"zdi_count": 4532}}
{"timestamp": "2025-10-31T19:36:12.808056Z", "level": "WARNING", "module": "validator", "message": "Downtime detected", "run_id": "e661eaeb-a9c6-4183-86a5-67be4bb68d51", "event": "downtime", "metadata": {"zdi_count": 5817}}
{"timestamp": "2025-10-31T19:36:14.595427Z", "level": "WARNING", "module": "validator", "message": "Downtime detected", "run_id": "c9483dba-f2d1-4410-9e14-9e5505d569aa", "event": "downtime", "metadata": {"zdi_count": 6724}}
{"timestamp": "2025-10-31T19:36:14.598470Z", "level": "WARNING", "module": "validator", "message": "Downtime detected", "run_id": "d805f832-3cdb-45ff-b4d1-08146a18b2d0", "event": "downtime", "metadata": {"zdi_count": 4533}}
{"timestamp": "2025-10-31T19:36:17.809062Z", "level": "WARNING", "module": "validator", "message": "Downtime detected", "run_id": "e661eaeb-a9c6-4183-86a5-67be4bb68d51", "event": "downtime", "metadata": {"zdi_count": 5818}}
{"timestamp": "2025-10-31T19:36:19.596568Z", "level": "WARNING", "module": "validator", "message": "Downtime detected", "run_id": "c9483dba-f2d1-4410-9e14-9e5505d569aa", "event": "downtime", "metadata": {"zdi_count": 6725}}
{"timestamp": "2025-10-31T19:36:19.599376Z", "level": "WARNING", "module": "validator", "message": "Downtime detected", "run_id": "d805f832-3cdb-45ff-b4d1-08146a18b2d0", "event": "downtime", "metadata": {"zdi_count": 4534}}
{"timestamp": "2025-10-31T19:36:22.810131Z", "level": "WARNING", "module": "validator", "message": "Downtime detected", "run_id": "e661eaeb-a9c6-4183-86a5-67be4bb68d51", "event": "downtime", "metadata": {"zdi_count": 5819}}
{"timestamp": "2025-10-31T19:36:24.598282Z", "level": "WARNING", "module": "validator", "message": "Downtime detected", "run_id": "c9483dba-f2d1-4410-9e14-9e5505d569aa", "event": "downtime", "metadata": {"zdi_count": 6726}}
{"timestamp": "2025-10-31T19:36:24.602596Z", "level": "WARNING", "module": "validator", "message": "Downtime detected", "run_id": "d805f832-3cdb-45ff-b4d1-08146a18b2d0", "event": "downtime", "metadata": {"zdi_count": 4535}}
{"timestamp": "2025-10-31T19:36:27.811196Z", "level": "WARNING", "module": "validator", "message": "Downtime detected", "run_id": "e661eaeb-a9c6-4183-86a5-67be4bb68d51", "event": "downtime", "metadata": {"zdi_count": 5820}}
{"timestamp": "2025-10-31T19:36:29.599414Z", "level": "WARNING", "module": "validator", "message": "Downtime detected", "run_id": "c9483dba-f2d1-4410-9e14-9e5505d569aa", "event": "downtime", "metadata": {"zdi_count": 6727}}
{"timestamp": "2025-10-31T19:36:29.603529Z", "level": "WARNING", "module": "validator", "message": "Downtime detected", "run_id": "d805f832-3cdb-45ff-b4d1-08146a18b2d0", "event": "downtime", "metadata": {"zdi_count": 4536}}
{"timestamp": "2025-10-31T19:36:32.812392Z", "level": "WARNING", "module": "validator", "message": "Downtime detected", "run_id": "e661eaeb-a9c6-4183-86a5-67be4bb68d51", "event": "downtime", "metadata": {"zdi_count": 5821}}
{"timestamp": "2025-10-31T19:36:34.601178Z", "level": "WARNING", "module": "validator", "message": "Downtime detected", "run_id": "c9483dba-f2d1-4410-9e14-9e5505d569aa", "event": "downtime", "metadata": {"zdi_count": 6728}}
{"timestamp": "2025-10-31T19:36:34.604387Z", "level": "WARNING", "module": "validator", "message": "Downtime detected", "run_id": "d805f832-3cdb-45ff-b4d1-08146a18b2d0", "event": "downtime", "metadata": {"zdi_count": 4537}}
{"timestamp": "2025-10-31T19:36:37.813578Z", "level": "WARNING", "module": "validator", "message": "Downtime detected", "run_id": "e661eaeb-a9c6-4183-86a5-67be4bb68d51", "event": "downtime", "metadata": {"zdi_count": 5822}}
{"timestamp": "2025-10-31T19:36:39.602411Z", "level": "WARNING", "module": "validator", "message": "Downtime detected", "run_id": "c9483dba-f2d1-4410-9e14-9e5505d569aa", "event": "downtime", "metadata": {"zdi_count": 6729}}
{"timestamp": "2025-10-31T19:36:39.605258Z", "level": "WARNING", "module": "validator", "message": "Downtime detected", "run_id": "d805f832-3cdb-45ff-b4d1-08146a18b2d0", "event": "downtime", "metadata": {"zdi_count": 4538}}
{"timestamp": "2025-10-31T19:36:42.814779Z", "level": "WARNING", "module": "validator", "message": "Downtime detected", "run_id": "e661eaeb-a9c6-4183-86a5-67be4bb68d51", "event": "downtime", "metadata": {"zdi_count": 5823}}
{"timestamp": "2025-10-31T19:36:44.604032Z", "level": "WARNING", "module": "validator", "message": "Downtime detected", "run_id": "c9483dba-f2d1-4410-9e14-9e5505d569aa", "event": "downtime", "metadata": {"zdi_count": 6730}}
{"timestamp": "2025-10-31T19:36:44.606191Z", "level": "WARNING", "module": "validator", "message": "Downtime detected", "run_id": "d805f832-3cdb-45ff-b4d1-08146a18b2d0", "event": "downtime", "metadata": {"zdi_count": 4539}}
{"timestamp": "2025-10-31T19:36:47.815955Z", "level": "WARNING", "module": "validator", "message": "Downtime detected", "run_id": "e661eaeb-a9c6-4183-86a5-67be4bb68d51", "event": "downtime", "metadata": {"zdi_count": 5824}}
{"timestamp": "2025-10-31T19:36:49.605185Z", "level": "WARNING", "module": "validator", "message": "Downtime detected", "run_id": "c9483dba-f2d1-4410-9e14-9e5505d569aa", "event": "downtime", "metadata": {"zdi_count": 6731}}
{"timestamp": "2025-10-31T19:36:49.607021Z", "level": "WARNING", "module": "validator", "message": "Downtime detected", "run_id": "d805f832-3cdb-45ff-b4d1-08146a18b2d0", "event": "downtime", "metadata": {"zdi_count": 4540}}
{"timestamp": "2025-10-31T19:36:50.379144Z", "level": "INFO", "module": "main", "message": "Experiment completed successfully"}
{"timestamp": "2025-10-31T19:36:50.379282Z", "level": "INFO", "module": "main", "message": "Results saved to: /home/amg/projects/uece/baes/baes_benchmarking_20251028_0713/runs"}
