{"timestamp": "2025-10-31T20:58:07.311181Z", "level": "INFO", "module": "runner", "message": "Created final symlink to sprint 6", "run_id": "831f4202-dd3e-4e69-a97f-941873f8a03d", "event": "final_symlink_created"}
{"timestamp": "2025-10-31T20:58:07.311340Z", "level": "INFO", "module": "runner", "message": "Generated run README", "run_id": "831f4202-dd3e-4e69-a97f-941873f8a03d", "event": "readme_generated"}
{"timestamp": "2025-10-31T20:58:10.030412Z", "level": "INFO", "module": "validator", "message": "Downtime monitoring stopped. Total incidents: 236", "run_id": "831f4202-dd3e-4e69-a97f-941873f8a03d", "event": "monitoring_stop", "metadata": {"ZDI": 236}}
{"timestamp": "2025-10-31T20:58:10.030580Z", "level": "INFO", "module": "runner", "message": "Running final validation", "run_id": "831f4202-dd3e-4e69-a97f-941873f8a03d", "event": "validation_start"}
{"timestamp": "2025-10-31T20:58:10.031458Z", "level": "INFO", "module": "ghspec_adapter", "message": "Validating Phase 4 artifacts (implementation)", "run_id": "831f4202-dd3e-4e69-a97f-941873f8a03d", "metadata": {"python_files": 8}}
{"timestamp": "2025-10-31T20:58:10.031671Z", "level": "WARNING", "module": "ghspec_adapter", "message": "No typical API entry point file found in workspace directory: /home/amg/projects/uece/baes/baes_benchmarking_20251028_0713/runs/ghspec/831f4202-dd3e-4e69-a97f-941873f8a03d/sprint_006/generated_artifacts", "run_id": "831f4202-dd3e-4e69-a97f-941873f8a03d"}
{"timestamp": "2025-10-31T20:58:10.032312Z", "level": "INFO", "module": "ghspec_adapter", "message": "Artifact validation passed: 8 Python files, 35 total files in workspace", "run_id": "831f4202-dd3e-4e69-a97f-941873f8a03d"}
{"timestamp": "2025-10-31T20:58:10.032377Z", "level": "INFO", "module": "runner", "message": "Artifact validation passed", "run_id": "831f4202-dd3e-4e69-a97f-941873f8a03d", "event": "artifact_validation_passed"}
{"timestamp": "2025-10-31T20:58:10.033148Z", "level": "WARNING", "module": "validator", "message": "POST /students failed: HTTPConnectionPool(host='localhost', port=8300): Max retries exceeded with url: /students (Caused by NewConnectionError('<urllib3.connection.HTTPConnection object at 0x77eb9671ddf0>: Failed to establish a new connection: [Errno 111] Connection refused'))", "run_id": "831f4202-dd3e-4e69-a97f-941873f8a03d"}
{"timestamp": "2025-10-31T20:58:10.033752Z", "level": "WARNING", "module": "validator", "message": "POST /courses failed: HTTPConnectionPool(host='localhost', port=8300): Max retries exceeded with url: /courses (Caused by NewConnectionError('<urllib3.connection.HTTPConnection object at 0x77eb9671f710>: Failed to establish a new connection: [Errno 111] Connection refused'))", "run_id": "831f4202-dd3e-4e69-a97f-941873f8a03d"}
{"timestamp": "2025-10-31T20:58:10.034629Z", "level": "WARNING", "module": "validator", "message": "POST /teachers failed: HTTPConnectionPool(host='localhost', port=8300): Max retries exceeded with url: /teachers (Caused by NewConnectionError('<urllib3.connection.HTTPConnection object at 0x77ebbf1ca5a0>: Failed to establish a new connection: [Errno 111] Connection refused'))", "run_id": "831f4202-dd3e-4e69-a97f-941873f8a03d"}
{"timestamp": "2025-10-31T20:58:10.035664Z", "level": "WARNING", "module": "validator", "message": "GET /students failed: HTTPConnectionPool(host='localhost', port=8300): Max retries exceeded with url: /students (Caused by NewConnectionError('<urllib3.connection.HTTPConnection object at 0x77ebbf1cbb30>: Failed to establish a new connection: [Errno 111] Connection refused'))", "run_id": "831f4202-dd3e-4e69-a97f-941873f8a03d"}
{"timestamp": "2025-10-31T20:58:10.036179Z", "level": "WARNING", "module": "validator", "message": "GET /courses failed: HTTPConnectionPool(host='localhost', port=8300): Max retries exceeded with url: /courses (Caused by NewConnectionError('<urllib3.connection.HTTPConnection object at 0x77eb9671dd30>: Failed to establish a new connection: [Errno 111] Connection refused'))", "run_id": "831f4202-dd3e-4e69-a97f-941873f8a03d"}
{"timestamp": "2025-10-31T20:58:10.036674Z", "level": "WARNING", "module": "validator", "message": "GET /teachers failed: HTTPConnectionPool(host='localhost', port=8300): Max retries exceeded with url: /teachers (Caused by NewConnectionError('<urllib3.connection.HTTPConnection object at 0x77ebc19402c0>: Failed to establish a new connection: [Errno 111] Connection refused'))", "run_id": "831f4202-dd3e-4e69-a97f-941873f8a03d"}
{"timestamp": "2025-10-31T20:58:10.036742Z", "level": "INFO", "module": "validator", "message": "CRUD validation complete: 0/12 operations succeeded", "run_id": "831f4202-dd3e-4e69-a97f-941873f8a03d", "metadata": {"CRUDe": 0, "ESR": 0.0}}
{"timestamp": "2025-10-31T20:58:10.036844Z", "level": "INFO", "module": "runner", "message": "Skipping Usage API verification (lazy evaluation - reconciliation required)", "run_id": "831f4202-dd3e-4e69-a97f-941873f8a03d", "event": "lazy_evaluation"}
{"timestamp": "2025-10-31T20:58:10.042392Z", "level": "DEBUG", "module": "manifest_manager", "message": "Loaded manifest with 298 runs"}
{"timestamp": "2025-10-31T20:58:10.047072Z", "level": "INFO", "module": "manifest_manager", "message": "Added run 831f4202-dd3e-4e69-a97f-941873f8a03d to manifest"}
{"timestamp": "2025-10-31T20:58:10.049044Z", "level": "DEBUG", "module": "manifest_manager", "message": "Manifest saved to /home/amg/projects/uece/baes/baes_benchmarking_20251028_0713/runs/manifest.json"}
{"timestamp": "2025-10-31T20:58:10.049141Z", "level": "INFO", "module": "runner", "message": "Updated runs manifest", "run_id": "831f4202-dd3e-4e69-a97f-941873f8a03d", "event": "manifest_updated"}
{"timestamp": "2025-10-31T20:58:10.049449Z", "level": "DEBUG", "module": "archiver", "message": "Framework version saved", "run_id": "831f4202-dd3e-4e69-a97f-941873f8a03d"}
{"timestamp": "2025-10-31T20:58:10.097476Z", "level": "DEBUG", "module": "archiver", "message": "Added workspace to archive", "run_id": "831f4202-dd3e-4e69-a97f-941873f8a03d"}
{"timestamp": "2025-10-31T20:58:10.097681Z", "level": "DEBUG", "module": "archiver", "message": "Added metrics to archive", "run_id": "831f4202-dd3e-4e69-a97f-941873f8a03d"}
{"timestamp": "2025-10-31T20:58:10.098439Z", "level": "INFO", "module": "archiver", "message": "Archive created: /home/amg/projects/uece/baes/baes_benchmarking_20251028_0713/runs/ghspec/831f4202-dd3e-4e69-a97f-941873f8a03d/run.tar.gz", "run_id": "831f4202-dd3e-4e69-a97f-941873f8a03d", "event": "archive_created"}
{"timestamp": "2025-10-31T20:58:10.098684Z", "level": "INFO", "module": "archiver", "message": "Archive hash computed: 043865d6def3e4cb...", "run_id": "831f4202-dd3e-4e69-a97f-941873f8a03d", "event": "hash_computed"}
{"timestamp": "2025-10-31T20:58:10.098852Z", "level": "INFO", "module": "archiver", "message": "Metadata file created", "run_id": "831f4202-dd3e-4e69-a97f-941873f8a03d", "event": "metadata_created"}
{"timestamp": "2025-10-31T20:58:10.099065Z", "level": "INFO", "module": "runner", "message": "Generated log summary", "run_id": "831f4202-dd3e-4e69-a97f-941873f8a03d", "event": "summary_generated", "metadata": {"path": "/home/amg/projects/uece/baes/baes_benchmarking_20251028_0713/runs/ghspec/831f4202-dd3e-4e69-a97f-941873f8a03d/summary/logs_summary.txt"}}
{"timestamp": "2025-10-31T20:58:10.099300Z", "level": "INFO", "module": "archiver", "message": "Archive hash computed: 043865d6def3e4cb...", "run_id": "831f4202-dd3e-4e69-a97f-941873f8a03d", "event": "hash_computed"}
{"timestamp": "2025-10-31T20:58:10.099349Z", "level": "INFO", "module": "archiver", "message": "Archive integrity verified", "run_id": "831f4202-dd3e-4e69-a97f-941873f8a03d", "event": "verification_success"}
{"timestamp": "2025-10-31T20:58:10.099401Z", "level": "INFO", "module": "runner", "message": "Run completed successfully", "run_id": "831f4202-dd3e-4e69-a97f-941873f8a03d", "event": "run_complete"}
{"timestamp": "2025-10-31T20:58:10.099444Z", "level": "INFO", "module": "ghspec_adapter", "message": "Stopping GitHub Spec-kit framework", "run_id": "831f4202-dd3e-4e69-a97f-941873f8a03d", "event": "framework_stop"}
{"timestamp": "2025-10-31T20:58:10.099485Z", "level": "INFO", "module": "ghspec_adapter", "message": "GitHub Spec-kit framework stopped", "run_id": "831f4202-dd3e-4e69-a97f-941873f8a03d", "event": "framework_stopped"}
{"timestamp": "2025-10-31T21:01:10.100154Z", "level": "INFO", "module": "main", "message": "Experiment completed successfully"}
{"timestamp": "2025-10-31T21:01:10.100297Z", "level": "INFO", "module": "main", "message": "Results saved to: /home/amg/projects/uece/baes/baes_benchmarking_20251028_0713/runs"}
