{"timestamp": "2025-10-31T21:37:29.181230Z", "level": "INFO", "module": "runner", "message": "Created final symlink to sprint 6", "run_id": "747d8a2c-4edc-49ca-a11d-40ca18eda963", "event": "final_symlink_created"}
{"timestamp": "2025-10-31T21:37:29.181410Z", "level": "INFO", "module": "runner", "message": "Generated run README", "run_id": "747d8a2c-4edc-49ca-a11d-40ca18eda963", "event": "readme_generated"}
{"timestamp": "2025-10-31T21:37:34.092422Z", "level": "INFO", "module": "validator", "message": "Downtime monitoring stopped. Total incidents: 242", "run_id": "747d8a2c-4edc-49ca-a11d-40ca18eda963", "event": "monitoring_stop", "metadata": {"ZDI": 242}}
{"timestamp": "2025-10-31T21:37:34.092592Z", "level": "INFO", "module": "runner", "message": "Running final validation", "run_id": "747d8a2c-4edc-49ca-a11d-40ca18eda963", "event": "validation_start"}
{"timestamp": "2025-10-31T21:37:34.093781Z", "level": "INFO", "module": "base_adapter", "message": "ChatDev validation passed: 84 files generated", "run_id": "747d8a2c-4edc-49ca-a11d-40ca18eda963", "metadata": {"file_count": 84, "file_types": [".json", ".log", ".md", ".prompt", ".py", ".txt"], "detected_app_types": ["backend", "managed-dependencies"]}}
{"timestamp": "2025-10-31T21:37:34.093906Z", "level": "INFO", "module": "runner", "message": "Artifact validation passed", "run_id": "747d8a2c-4edc-49ca-a11d-40ca18eda963", "event": "artifact_validation_passed"}
{"timestamp": "2025-10-31T21:37:34.094795Z", "level": "WARNING", "module": "validator", "message": "POST /students failed: HTTPConnectionPool(host='localhost', port=8200): Max retries exceeded with url: /students (Caused by NewConnectionError('<urllib3.connection.HTTPConnection object at 0x791aa57af230>: Failed to establish a new connection: [Errno 111] Connection refused'))", "run_id": "747d8a2c-4edc-49ca-a11d-40ca18eda963"}
{"timestamp": "2025-10-31T21:37:34.095571Z", "level": "WARNING", "module": "validator", "message": "POST /courses failed: HTTPConnectionPool(host='localhost', port=8200): Max retries exceeded with url: /courses (Caused by NewConnectionError('<urllib3.connection.HTTPConnection object at 0x791aa57d68d0>: Failed to establish a new connection: [Errno 111] Connection refused'))", "run_id": "747d8a2c-4edc-49ca-a11d-40ca18eda963"}
{"timestamp": "2025-10-31T21:37:34.096347Z", "level": "WARNING", "module": "validator", "message": "POST /teachers failed: HTTPConnectionPool(host='localhost', port=8200): Max retries exceeded with url: /teachers (Caused by NewConnectionError('<urllib3.connection.HTTPConnection object at 0x791aa57d68a0>: Failed to establish a new connection: [Errno 111] Connection refused'))", "run_id": "747d8a2c-4edc-49ca-a11d-40ca18eda963"}
{"timestamp": "2025-10-31T21:37:34.096966Z", "level": "WARNING", "module": "validator", "message": "GET /students failed: HTTPConnectionPool(host='localhost', port=8200): Max retries exceeded with url: /students (Caused by NewConnectionError('<urllib3.connection.HTTPConnection object at 0x791aa57d49b0>: Failed to establish a new connection: [Errno 111] Connection refused'))", "run_id": "747d8a2c-4edc-49ca-a11d-40ca18eda963"}
{"timestamp": "2025-10-31T21:37:34.097492Z", "level": "WARNING", "module": "validator", "message": "GET /courses failed: HTTPConnectionPool(host='localhost', port=8200): Max retries exceeded with url: /courses (Caused by NewConnectionError('<urllib3.connection.HTTPConnection object at 0x791aa57d45c0>: Failed to establish a new connection: [Errno 111] Connection refused'))", "run_id": "747d8a2c-4edc-49ca-a11d-40ca18eda963"}
{"timestamp": "2025-10-31T21:37:34.098299Z", "level": "WARNING", "module": "validator", "message": "GET /teachers failed: HTTPConnectionPool(host='localhost', port=8200): Max retries exceeded with url: /teachers (Caused by NewConnectionError('<urllib3.connection.HTTPConnection object at 0x791aa85ef7a0>: Failed to establish a new connection: [Errno 111] Connection refused'))", "run_id": "747d8a2c-4edc-49ca-a11d-40ca18eda963"}
{"timestamp": "2025-10-31T21:37:34.098363Z", "level": "INFO", "module": "validator", "message": "CRUD validation complete: 0/12 operations succeeded", "run_id": "747d8a2c-4edc-49ca-a11d-40ca18eda963", "metadata": {"CRUDe": 0, "ESR": 0.0}}
{"timestamp": "2025-10-31T21:37:34.098509Z", "level": "INFO", "module": "runner", "message": "Skipping Usage API verification (lazy evaluation - reconciliation required)", "run_id": "747d8a2c-4edc-49ca-a11d-40ca18eda963", "event": "lazy_evaluation"}
{"timestamp": "2025-10-31T21:37:34.103790Z", "level": "DEBUG", "module": "manifest_manager", "message": "Loaded manifest with 299 runs"}
{"timestamp": "2025-10-31T21:37:34.108746Z", "level": "INFO", "module": "manifest_manager", "message": "Added run 747d8a2c-4edc-49ca-a11d-40ca18eda963 to manifest"}
{"timestamp": "2025-10-31T21:37:34.110574Z", "level": "DEBUG", "module": "manifest_manager", "message": "Manifest saved to /home/amg/projects/uece/baes/baes_benchmarking_20251028_0713/runs/manifest.json"}
{"timestamp": "2025-10-31T21:37:34.110670Z", "level": "INFO", "module": "runner", "message": "Updated runs manifest", "run_id": "747d8a2c-4edc-49ca-a11d-40ca18eda963", "event": "manifest_updated"}
{"timestamp": "2025-10-31T21:37:34.110975Z", "level": "DEBUG", "module": "archiver", "message": "Framework version saved", "run_id": "747d8a2c-4edc-49ca-a11d-40ca18eda963"}
{"timestamp": "2025-10-31T21:37:34.292832Z", "level": "DEBUG", "module": "archiver", "message": "Added workspace to archive", "run_id": "747d8a2c-4edc-49ca-a11d-40ca18eda963"}
{"timestamp": "2025-10-31T21:37:34.293536Z", "level": "DEBUG", "module": "archiver", "message": "Added metrics to archive", "run_id": "747d8a2c-4edc-49ca-a11d-40ca18eda963"}
{"timestamp": "2025-10-31T21:37:34.293906Z", "level": "INFO", "module": "archiver", "message": "Archive created: /home/amg/projects/uece/baes/baes_benchmarking_20251028_0713/runs/chatdev/747d8a2c-4edc-49ca-a11d-40ca18eda963/run.tar.gz", "run_id": "747d8a2c-4edc-49ca-a11d-40ca18eda963", "event": "archive_created"}
{"timestamp": "2025-10-31T21:37:34.295183Z", "level": "INFO", "module": "archiver", "message": "Archive hash computed: 8b828c745715f3b3...", "run_id": "747d8a2c-4edc-49ca-a11d-40ca18eda963", "event": "hash_computed"}
{"timestamp": "2025-10-31T21:37:34.295348Z", "level": "INFO", "module": "archiver", "message": "Metadata file created", "run_id": "747d8a2c-4edc-49ca-a11d-40ca18eda963", "event": "metadata_created"}
{"timestamp": "2025-10-31T21:37:34.295580Z", "level": "INFO", "module": "runner", "message": "Generated log summary", "run_id": "747d8a2c-4edc-49ca-a11d-40ca18eda963", "event": "summary_generated", "metadata": {"path": "/home/amg/projects/uece/baes/baes_benchmarking_20251028_0713/runs/chatdev/747d8a2c-4edc-49ca-a11d-40ca18eda963/summary/logs_summary.txt"}}
{"timestamp": "2025-10-31T21:37:34.296804Z", "level": "INFO", "module": "archiver", "message": "Archive hash computed: 8b828c745715f3b3...", "run_id": "747d8a2c-4edc-49ca-a11d-40ca18eda963", "event": "hash_computed"}
{"timestamp": "2025-10-31T21:37:34.296872Z", "level": "INFO", "module": "archiver", "message": "Archive integrity verified", "run_id": "747d8a2c-4edc-49ca-a11d-40ca18eda963", "event": "verification_success"}
{"timestamp": "2025-10-31T21:37:34.296926Z", "level": "INFO", "module": "runner", "message": "Run completed successfully", "run_id": "747d8a2c-4edc-49ca-a11d-40ca18eda963", "event": "run_complete"}
{"timestamp": "2025-10-31T21:37:34.297041Z", "level": "INFO", "module": "chatdev_adapter", "message": "Stopping ChatDev framework", "run_id": "747d8a2c-4edc-49ca-a11d-40ca18eda963", "event": "framework_stop"}
{"timestamp": "2025-10-31T21:37:34.297093Z", "level": "INFO", "module": "chatdev_adapter", "message": "ChatDev framework stopped", "run_id": "747d8a2c-4edc-49ca-a11d-40ca18eda963", "event": "framework_stopped"}
{"timestamp": "2025-10-31T21:40:34.297693Z", "level": "INFO", "module": "main", "message": "Experiment completed successfully"}
{"timestamp": "2025-10-31T21:40:34.297878Z", "level": "INFO", "module": "main", "message": "Results saved to: /home/amg/projects/uece/baes/baes_benchmarking_20251028_0713/runs"}
